<?xml version="1.0" encoding="UTF-8"?>
<!-- Generated by org.testng.reporters.JUnitReportReporter -->
<testsuite hostname="DESKTOP-P3B6T5T" failures="0" tests="2" name="testcases.LoginTest" time="15.963" errors="0" timestamp="24 Nov 2023 15:45:12 GMT" skipped="0">
  <testcase classname="testcases.LoginTest" name="LoginFailureTest" time="8.066"/>
  <testcase classname="testcases.LoginTest" name="LoginSuccessTest" time="7.897"/>
</testsuite> <!-- testcases.LoginTest -->
