<?xml version="1.0" encoding="UTF-8"?>
<!-- Generated by org.testng.reporters.JUnitReportReporter -->
<testsuite hostname="DESKTOP-P3B6T5T" failures="0" tests="1" name="TestCases.AddProductToCart" time="4.914" errors="0" timestamp="26 Nov 2023 17:06:57 GMT" skipped="0">
  <testcase classname="TestCases.AddProductToCart" name="AddGivenProducttoCartbyname" time="4.914"/>
</testsuite> <!-- TestCases.AddProductToCart -->
