<?xml version="1.0" encoding="UTF-8"?>
<!-- Generated by org.testng.reporters.JUnitReportReporter -->
<testsuite hostname="DESKTOP-P3B6T5T" failures="0" tests="1" name="TestCases.LoginScenarios" time="2.925" errors="0" timestamp="26 Nov 2023 16:35:01 GMT" skipped="0">
  <testcase classname="TestCases.LoginScenarios" name="LoginSuccessTest" time="2.925"/>
</testsuite> <!-- TestCases.LoginScenarios -->
