<?xml version="1.0" encoding="UTF-8"?>
<!-- Generated by org.testng.reporters.JUnitReportReporter -->
<testsuite hostname="DESKTOP-P3B6T5T" failures="0" tests="2" name="TestCases.LoginScenarios" time="8.871" errors="0" timestamp="05 Jan 2024 07:29:39 GMT" skipped="0">
  <testcase classname="TestCases.LoginScenarios" name="LoginSuccessTest" time="5.164"/>
  <testcase classname="TestCases.LoginScenarios" name="LoginFailureTest" time="3.707"/>
</testsuite> <!-- TestCases.LoginScenarios -->
