<?xml version="1.0" encoding="UTF-8"?>
<testsuite xmlns:xsi="http://www.w3.org/2001/XMLSchema-instance" xsi:noNamespaceSchemaLocation="https://maven.apache.org/surefire/maven-surefire-plugin/xsd/surefire-test-report-3.0.xsd" version="3.0" name="TestSuite" time="4.084" tests="6" errors="0" skipped="0" failures="0">
  <properties>
    <property name="java.specification.version" value="20"/>
    <property name="sun.cpu.isalist" value="amd64"/>
    <property name="sun.jnu.encoding" value="Cp1252"/>
    <property name="java.class.path" value="C:\Users\xaviermpa\eclipse-workspace\RestAssuredProject\target\test-classes;C:\Users\xaviermpa\eclipse-workspace\RestAssuredProject\target\classes;C:\Users\xaviermpa\.m2\repository\org\testng\testng\6.14.3\testng-6.14.3.jar;C:\Users\xaviermpa\.m2\repository\com\beust\jcommander\1.72\jcommander-1.72.jar;C:\Users\xaviermpa\.m2\repository\org\apache-extras\beanshell\bsh\2.0b6\bsh-2.0b6.jar;C:\Users\xaviermpa\.m2\repository\io\rest-assured\rest-assured\4.3.1\rest-assured-4.3.1.jar;C:\Users\xaviermpa\.m2\repository\org\codehaus\groovy\groovy\3.0.3\groovy-3.0.3.jar;C:\Users\xaviermpa\.m2\repository\org\codehaus\groovy\groovy-xml\3.0.3\groovy-xml-3.0.3.jar;C:\Users\xaviermpa\.m2\repository\org\apache\httpcomponents\httpclient\4.5.3\httpclient-4.5.3.jar;C:\Users\xaviermpa\.m2\repository\org\apache\httpcomponents\httpcore\4.4.6\httpcore-4.4.6.jar;C:\Users\xaviermpa\.m2\repository\commons-logging\commons-logging\1.2\commons-logging-1.2.jar;C:\Users\xaviermpa\.m2\repository\commons-codec\commons-codec\1.9\commons-codec-1.9.jar;C:\Users\xaviermpa\.m2\repository\org\apache\httpcomponents\httpmime\4.5.3\httpmime-4.5.3.jar;C:\Users\xaviermpa\.m2\repository\org\hamcrest\hamcrest\2.1\hamcrest-2.1.jar;C:\Users\xaviermpa\.m2\repository\org\ccil\cowan\tagsoup\tagsoup\1.2.1\tagsoup-1.2.1.jar;C:\Users\xaviermpa\.m2\repository\io\rest-assured\xml-path\4.3.1\xml-path-4.3.1.jar;C:\Users\xaviermpa\.m2\repository\org\apache\commons\commons-lang3\3.4\commons-lang3-3.4.jar;C:\Users\xaviermpa\.m2\repository\jakarta\xml\bind\jakarta.xml.bind-api\2.3.3\jakarta.xml.bind-api-2.3.3.jar;C:\Users\xaviermpa\.m2\repository\jakarta\activation\jakarta.activation-api\1.2.2\jakarta.activation-api-1.2.2.jar;C:\Users\xaviermpa\.m2\repository\com\sun\xml\bind\jaxb-impl\2.3.3\jaxb-impl-2.3.3.jar;C:\Users\xaviermpa\.m2\repository\io\rest-assured\json-path\4.3.1\json-path-4.3.1.jar;C:\Users\xaviermpa\.m2\repository\org\codehaus\groovy\groovy-json\3.0.3\groovy-json-3.0.3.jar;C:\Users\xaviermpa\.m2\repository\io\rest-assured\rest-assured-common\4.3.1\rest-assured-common-4.3.1.jar;C:\Users\xaviermpa\.m2\repository\io\rest-assured\json-schema-validator\4.3.1\json-schema-validator-4.3.1.jar;C:\Users\xaviermpa\.m2\repository\com\github\java-json-tools\json-schema-validator\2.2.10\json-schema-validator-2.2.10.jar;C:\Users\xaviermpa\.m2\repository\com\github\java-json-tools\json-schema-core\1.2.10\json-schema-core-1.2.10.jar;C:\Users\xaviermpa\.m2\repository\com\github\java-json-tools\jackson-coreutils\1.9\jackson-coreutils-1.9.jar;C:\Users\xaviermpa\.m2\repository\com\fasterxml\jackson\core\jackson-databind\2.2.3\jackson-databind-2.2.3.jar;C:\Users\xaviermpa\.m2\repository\com\fasterxml\jackson\core\jackson-annotations\2.2.3\jackson-annotations-2.2.3.jar;C:\Users\xaviermpa\.m2\repository\com\fasterxml\jackson\core\jackson-core\2.2.3\jackson-core-2.2.3.jar;C:\Users\xaviermpa\.m2\repository\com\google\guava\guava\16.0.1\guava-16.0.1.jar;C:\Users\xaviermpa\.m2\repository\com\github\fge\msg-simple\1.1\msg-simple-1.1.jar;C:\Users\xaviermpa\.m2\repository\com\github\fge\btf\1.2\btf-1.2.jar;C:\Users\xaviermpa\.m2\repository\com\github\fge\uri-template\0.9\uri-template-0.9.jar;C:\Users\xaviermpa\.m2\repository\org\mozilla\rhino\1.7.7.1\rhino-1.7.7.1.jar;C:\Users\xaviermpa\.m2\repository\javax\mail\mailapi\1.4.3\mailapi-1.4.3.jar;C:\Users\xaviermpa\.m2\repository\javax\activation\activation\1.1\activation-1.1.jar;C:\Users\xaviermpa\.m2\repository\joda-time\joda-time\2.9.7\joda-time-2.9.7.jar;C:\Users\xaviermpa\.m2\repository\com\googlecode\libphonenumber\libphonenumber\8.0.0\libphonenumber-8.0.0.jar;C:\Users\xaviermpa\.m2\repository\com\google\code\findbugs\jsr305\3.0.1\jsr305-3.0.1.jar;C:\Users\xaviermpa\.m2\repository\net\sf\jopt-simple\jopt-simple\5.0.3\jopt-simple-5.0.3.jar;C:\Users\xaviermpa\.m2\repository\org\json\json\20210307\json-20210307.jar;"/>
    <property name="java.vm.vendor" value="Eclipse Adoptium"/>
    <property name="sun.arch.data.model" value="64"/>
    <property name="user.variant" value=""/>
    <property name="java.vendor.url" value="https://adoptium.net/"/>
    <property name="user.timezone" value="Asia/Calcutta"/>
    <property name="os.name" value="Windows 11"/>
    <property name="java.vm.specification.version" value="20"/>
    <property name="sun.java.launcher" value="SUN_STANDARD"/>
    <property name="user.country" value="IN"/>
    <property name="sun.boot.library.path" value="C:\Users\xaviermpa\.p2\pool\plugins\org.eclipse.justj.openjdk.hotspot.jre.full.win32.x86_64_20.0.2.v20230801-2057\jre\bin"/>
    <property name="sun.java.command" value="C:\Users\xaviermpa\AppData\Local\Temp\surefire8838132692722259091\surefirebooter14363203474056302984.jar C:\Users\xaviermpa\AppData\Local\Temp\surefire8838132692722259091 2024-02-04T23-01-51_968-jvmRun1 surefire5050791895937720761tmp surefire_09555710921159138312tmp"/>
    <property name="jdk.debug" value="release"/>
    <property name="surefire.test.class.path" value="C:\Users\xaviermpa\eclipse-workspace\RestAssuredProject\target\test-classes;C:\Users\xaviermpa\eclipse-workspace\RestAssuredProject\target\classes;C:\Users\xaviermpa\.m2\repository\org\testng\testng\6.14.3\testng-6.14.3.jar;C:\Users\xaviermpa\.m2\repository\com\beust\jcommander\1.72\jcommander-1.72.jar;C:\Users\xaviermpa\.m2\repository\org\apache-extras\beanshell\bsh\2.0b6\bsh-2.0b6.jar;C:\Users\xaviermpa\.m2\repository\io\rest-assured\rest-assured\4.3.1\rest-assured-4.3.1.jar;C:\Users\xaviermpa\.m2\repository\org\codehaus\groovy\groovy\3.0.3\groovy-3.0.3.jar;C:\Users\xaviermpa\.m2\repository\org\codehaus\groovy\groovy-xml\3.0.3\groovy-xml-3.0.3.jar;C:\Users\xaviermpa\.m2\repository\org\apache\httpcomponents\httpclient\4.5.3\httpclient-4.5.3.jar;C:\Users\xaviermpa\.m2\repository\org\apache\httpcomponents\httpcore\4.4.6\httpcore-4.4.6.jar;C:\Users\xaviermpa\.m2\repository\commons-logging\commons-logging\1.2\commons-logging-1.2.jar;C:\Users\xaviermpa\.m2\repository\commons-codec\commons-codec\1.9\commons-codec-1.9.jar;C:\Users\xaviermpa\.m2\repository\org\apache\httpcomponents\httpmime\4.5.3\httpmime-4.5.3.jar;C:\Users\xaviermpa\.m2\repository\org\hamcrest\hamcrest\2.1\hamcrest-2.1.jar;C:\Users\xaviermpa\.m2\repository\org\ccil\cowan\tagsoup\tagsoup\1.2.1\tagsoup-1.2.1.jar;C:\Users\xaviermpa\.m2\repository\io\rest-assured\xml-path\4.3.1\xml-path-4.3.1.jar;C:\Users\xaviermpa\.m2\repository\org\apache\commons\commons-lang3\3.4\commons-lang3-3.4.jar;C:\Users\xaviermpa\.m2\repository\jakarta\xml\bind\jakarta.xml.bind-api\2.3.3\jakarta.xml.bind-api-2.3.3.jar;C:\Users\xaviermpa\.m2\repository\jakarta\activation\jakarta.activation-api\1.2.2\jakarta.activation-api-1.2.2.jar;C:\Users\xaviermpa\.m2\repository\com\sun\xml\bind\jaxb-impl\2.3.3\jaxb-impl-2.3.3.jar;C:\Users\xaviermpa\.m2\repository\io\rest-assured\json-path\4.3.1\json-path-4.3.1.jar;C:\Users\xaviermpa\.m2\repository\org\codehaus\groovy\groovy-json\3.0.3\groovy-json-3.0.3.jar;C:\Users\xaviermpa\.m2\repository\io\rest-assured\rest-assured-common\4.3.1\rest-assured-common-4.3.1.jar;C:\Users\xaviermpa\.m2\repository\io\rest-assured\json-schema-validator\4.3.1\json-schema-validator-4.3.1.jar;C:\Users\xaviermpa\.m2\repository\com\github\java-json-tools\json-schema-validator\2.2.10\json-schema-validator-2.2.10.jar;C:\Users\xaviermpa\.m2\repository\com\github\java-json-tools\json-schema-core\1.2.10\json-schema-core-1.2.10.jar;C:\Users\xaviermpa\.m2\repository\com\github\java-json-tools\jackson-coreutils\1.9\jackson-coreutils-1.9.jar;C:\Users\xaviermpa\.m2\repository\com\fasterxml\jackson\core\jackson-databind\2.2.3\jackson-databind-2.2.3.jar;C:\Users\xaviermpa\.m2\repository\com\fasterxml\jackson\core\jackson-annotations\2.2.3\jackson-annotations-2.2.3.jar;C:\Users\xaviermpa\.m2\repository\com\fasterxml\jackson\core\jackson-core\2.2.3\jackson-core-2.2.3.jar;C:\Users\xaviermpa\.m2\repository\com\google\guava\guava\16.0.1\guava-16.0.1.jar;C:\Users\xaviermpa\.m2\repository\com\github\fge\msg-simple\1.1\msg-simple-1.1.jar;C:\Users\xaviermpa\.m2\repository\com\github\fge\btf\1.2\btf-1.2.jar;C:\Users\xaviermpa\.m2\repository\com\github\fge\uri-template\0.9\uri-template-0.9.jar;C:\Users\xaviermpa\.m2\repository\org\mozilla\rhino\1.7.7.1\rhino-1.7.7.1.jar;C:\Users\xaviermpa\.m2\repository\javax\mail\mailapi\1.4.3\mailapi-1.4.3.jar;C:\Users\xaviermpa\.m2\repository\javax\activation\activation\1.1\activation-1.1.jar;C:\Users\xaviermpa\.m2\repository\joda-time\joda-time\2.9.7\joda-time-2.9.7.jar;C:\Users\xaviermpa\.m2\repository\com\googlecode\libphonenumber\libphonenumber\8.0.0\libphonenumber-8.0.0.jar;C:\Users\xaviermpa\.m2\repository\com\google\code\findbugs\jsr305\3.0.1\jsr305-3.0.1.jar;C:\Users\xaviermpa\.m2\repository\net\sf\jopt-simple\jopt-simple\5.0.3\jopt-simple-5.0.3.jar;C:\Users\xaviermpa\.m2\repository\org\json\json\20210307\json-20210307.jar;"/>
    <property name="sun.cpu.endian" value="little"/>
    <property name="user.home" value="C:\Users\xaviermpa"/>
    <property name="user.language" value="en"/>
    <property name="java.specification.vendor" value="Oracle Corporation"/>
    <property name="java.version.date" value="2023-07-18"/>
    <property name="java.home" value="C:\Users\xaviermpa\.p2\pool\plugins\org.eclipse.justj.openjdk.hotspot.jre.full.win32.x86_64_20.0.2.v20230801-2057\jre"/>
    <property name="file.separator" value="\"/>
    <property name="basedir" value="C:\Users\xaviermpa\eclipse-workspace\RestAssuredProject"/>
    <property name="java.vm.compressedOopsMode" value="32-bit"/>
    <property name="line.separator" value="&#10;"/>
    <property name="java.vm.specification.vendor" value="Oracle Corporation"/>
    <property name="java.specification.name" value="Java Platform API Specification"/>
    <property name="surefire.real.class.path" value="C:\Users\xaviermpa\AppData\Local\Temp\surefire8838132692722259091\surefirebooter14363203474056302984.jar"/>
    <property name="user.script" value=""/>
    <property name="sun.management.compiler" value="HotSpot 64-Bit Tiered Compilers"/>
    <property name="java.runtime.version" value="20.0.2+9"/>
    <property name="user.name" value="xaviermpa"/>
    <property name="stdout.encoding" value="Cp1252"/>
    <property name="path.separator" value=";"/>
    <property name="os.version" value="10.0"/>
    <property name="java.runtime.name" value="OpenJDK Runtime Environment"/>
    <property name="file.encoding" value="UTF-8"/>
    <property name="java.vm.name" value="OpenJDK 64-Bit Server VM"/>
    <property name="java.vendor.version" value="Temurin-20.0.2+9"/>
    <property name="localRepository" value="C:\Users\xaviermpa\.m2\repository"/>
    <property name="java.vendor.url.bug" value="https://github.com/adoptium/adoptium-support/issues"/>
    <property name="java.io.tmpdir" value="C:\Users\XAVIER~1\AppData\Local\Temp\"/>
    <property name="java.version" value="20.0.2"/>
    <property name="user.dir" value="C:\Users\xaviermpa\eclipse-workspace\RestAssuredProject"/>
    <property name="os.arch" value="amd64"/>
    <property name="java.vm.specification.name" value="Java Virtual Machine Specification"/>
    <property name="sun.os.patch.level" value=""/>
    <property name="native.encoding" value="Cp1252"/>
    <property name="java.library.path" value="C:\Users\xaviermpa\.p2\pool\plugins\org.eclipse.justj.openjdk.hotspot.jre.full.win32.x86_64_20.0.2.v20230801-2057\jre\bin;C:\Windows\Sun\Java\bin;C:\Windows\system32;C:\Windows;C:/Users/xaviermpa/.p2/pool/plugins/org.eclipse.justj.openjdk.hotspot.jre.full.win32.x86_64_20.0.2.v20230801-2057/jre/bin/server;C:/Users/xaviermpa/.p2/pool/plugins/org.eclipse.justj.openjdk.hotspot.jre.full.win32.x86_64_20.0.2.v20230801-2057/jre/bin;C:\Program Files\Eclipse Adoptium\jdk-21.0.0.35-hotspot\bin;C:\Program Files\Common Files\Oracle\Java\javapath;C:\Program Files\MySQL\MySQL Server 8.0\bin;C:\Program Files\Java\jre-1.8\bin;C:\Program Files\nodejs;C:\Program Files\nodejs\node_modules\npm\bin;C:\Program Files\Git\cmd;C:\Program Files\Java\jre-1.8\bin\java.exe;C:\Program Files\dotnet\;C:\Windows\System32\cmd.exe;C:\Users\xaviermpa\softwaresanddrivers\apache-maven-3.9.5-bin\apache-maven-3.9.5\bin;C:\Program Files\PowerShell\7\;C:\Windows\System32\WindowsPowerShell\v1.0\;C:\Program Files\MySQL\MySQL Shell 8.0\bin\;C:\Users\xaviermpa\AppData\Local\Microsoft\WindowsApps;C:\Program Files\HP\Common\HPDestPlgIn\;C:\Program Files (x86)\HP\Common\HPDestPlgIn\;C:\Users\xaviermpa\AppData\Local\Programs\Microsoft VS Code\bin;C:\Users\xaviermpa\.dotnet\tools;C:\Users\xaviermpa\AppData\Local\GitHubDesktop\bin;C:\Users\xaviermpa\AppData\Roaming\npm;C:\Users\xaviermpa\eclipse\java-2023-06\eclipse;;."/>
    <property name="java.vm.info" value="mixed mode"/>
    <property name="stderr.encoding" value="Cp1252"/>
    <property name="java.vendor" value="Eclipse Adoptium"/>
    <property name="java.vm.version" value="20.0.2+9"/>
    <property name="sun.io.unicode.encoding" value="UnicodeLittle"/>
    <property name="java.class.version" value="64.0"/>
  </properties>
  <testcase name="DeleteOperation" classname="RestAPIBDD.APIOperationsTest" time="1.461">
    <system-out><![CDATA[[TestNGContentHandler] [WARN] It is strongly recommended to add "<!DOCTYPE suite SYSTEM "http://testng.org/testng-1.0.dtd" >" at the top of your file, otherwise TestNG may fail or not work as expected.
HTTP/1.1 200 OK
X-Powered-By: tinyhttp
Access-Control-Allow-Origin: *
Access-Control-Allow-Methods: GET, HEAD, PUT, PATCH, POST, DELETE
Access-Control-Allow-Headers: content-type
Content-Type: application/json
Date: Sun, 04 Feb 2024 17:31:54 GMT
Connection: keep-alive
Keep-Alive: timeout=5
Content-Length: 64

{
    "id": "9001",
    "Salary": "700000",
    "name": "MPA-Xavier"
}
]]></system-out>
  </testcase>
  <testcase name="GetOperation" classname="RestAPIBDD.APIOperationsTest" time="0.033">
    <system-out><![CDATA[[
    {
        "id": "1",
        "name": "Pankaj",
        "salary": "10000"
    },
    {
        "name": "David",
        "salary": "5000",
        "id": "2"
    },
    {
        "id": "6727",
        "name": "Emily",
        "salary": "20000"
    },
    {
        "id": "101",
        "name": "Antony",
        "salary": "10000"
    },
    {
        "name": "AntonyEmily",
        "salary": "99000",
        "id": "7840"
    },
    {
        "id": "3",
        "name": "Rakesh",
        "salary": "7000"
    },
    {
        "id": "9001",
        "Salary": "80000",
        "name": "MPAXavier"
    },
    {
        "id": "9001",
        "Salary": "80000",
        "name": "MPAXavier"
    },
    {
        "id": "9001",
        "Salary": "80000",
        "name": "MPAXavier"
    }
]
]]></system-out>
  </testcase>
  <testcase name="GetOperationwithParam" classname="RestAPIBDD.APIOperationsTest" time="0.618">
    <system-out><![CDATA[HTTP/1.1 200 OK
X-Powered-By: tinyhttp
Access-Control-Allow-Origin: *
Access-Control-Allow-Methods: GET, HEAD, PUT, PATCH, POST, DELETE
Access-Control-Allow-Headers: content-type
Content-Type: application/json
Date: Sun, 04 Feb 2024 17:31:55 GMT
Connection: keep-alive
Keep-Alive: timeout=5
Content-Length: 56

{
    "id": "1",
    "name": "Pankaj",
    "salary": "10000"
}
]]></system-out>
  </testcase>
  <testcase name="GetOperationwithQueryParam" classname="RestAPIBDD.APIOperationsTest" time="0.938">
    <system-out><![CDATA[HTTP/1.1 200 OK
Date: Sun, 04 Feb 2024 17:31:57 GMT
Server: Apache
Upgrade: h2,h2c
Connection: Upgrade, Keep-Alive
Cache-Control: max-age=600
Expires: Sun, 04 Feb 2024 17:41:57 GMT
Vary: Accept-Encoding,User-Agent
Content-Encoding: gzip
Content-Length: 116
Keep-Alive: timeout=2, max=500
Content-Type: text/html; charset=UTF-8

<html>
  <body>{"result:":{"statements":null},"message":{"ErrorCode:":3,"ErrorMsg:":"Login Credentials Incorrect"}}</body>
</html>
]]></system-out>
  </testcase>
  <testcase name="PostOperation" classname="RestAPIBDD.APIOperationsTest" time="0.234">
    <system-out><![CDATA[HTTP/1.1 201 Created
X-Powered-By: tinyhttp
Access-Control-Allow-Origin: *
Access-Control-Allow-Methods: GET, HEAD, PUT, PATCH, POST, DELETE
Access-Control-Allow-Headers: content-type
Content-Type: application/json
Date: Sun, 04 Feb 2024 17:31:56 GMT
Connection: keep-alive
Keep-Alive: timeout=5
Content-Length: 62

{
    "id": "9001",
    "Salary": "80000",
    "name": "MPAXavier"
}
]]></system-out>
  </testcase>
  <testcase name="PutOperation" classname="RestAPIBDD.APIOperationsTest" time="0.027">
    <system-out><![CDATA[HTTP/1.1 200 OK
X-Powered-By: tinyhttp
Access-Control-Allow-Origin: *
Access-Control-Allow-Methods: GET, HEAD, PUT, PATCH, POST, DELETE
Access-Control-Allow-Headers: content-type
Content-Type: application/json
Date: Sun, 04 Feb 2024 17:31:56 GMT
Connection: keep-alive
Keep-Alive: timeout=5
Content-Length: 64

{
    "id": "9001",
    "Salary": "700000",
    "name": "MPA-Xavier"
}
]]></system-out>
  </testcase>
</testsuite>