<?xml version="1.0" encoding="UTF-8"?>
<!-- Generated by org.testng.reporters.JUnitReportReporter -->
<testsuite hostname="DESKTOP-P3B6T5T" failures="0" tests="1" name="github.GetAllRepo" time="1.613" errors="0" timestamp="03 Feb 2024 17:35:58 GMT" skipped="0">
  <testcase classname="github.GetAllRepo" name="test1" time="1.613"/>
</testsuite> <!-- github.GetAllRepo -->
