<?xml version="1.0" encoding="UTF-8"?>
<!-- Generated by org.testng.reporters.JUnitReportReporter -->
<testsuite hostname="DESKTOP-P3B6T5T" failures="0" tests="1" name="RestAPI.PostRequest" time="1.999" errors="0" timestamp="03 Feb 2024 15:08:26 GMT" skipped="0">
  <testcase classname="RestAPI.PostRequest" name="test1" time="1.999"/>
</testsuite> <!-- RestAPI.PostRequest -->
