<?xml version="1.0" encoding="UTF-8"?>
<!-- Generated by org.testng.reporters.JUnitReportReporter -->
<testsuite hostname="DESKTOP-P3B6T5T" failures="0" tests="1" name="RestAPIXML.XMLTest" time="2.005" errors="0" timestamp="03 Feb 2024 17:17:13 GMT" skipped="0">
  <testcase classname="RestAPIXML.XMLTest" name="test1" time="2.005"/>
</testsuite> <!-- RestAPIXML.XMLTest -->
