<?xml version="1.0" encoding="UTF-8"?>
<!-- Generated by org.testng.reporters.JUnitReportReporter -->
<testsuite hostname="DESKTOP-P3B6T5T" failures="0" tests="6" name="RestAPIBDD.APIOperationsTest" time="3.476" errors="0" timestamp="04 Feb 2024 17:20:07 GMT" skipped="1">
  <testcase classname="RestAPIBDD.APIOperationsTest" name="PostOperation" time="0.332"/>
  <testcase classname="RestAPIBDD.APIOperationsTest" name="GetOperationwithQueryParam" time="0.988"/>
  <testcase classname="RestAPIBDD.APIOperationsTest" name="GetOperationwithParam" time="0.648"/>
  <testcase classname="RestAPIBDD.APIOperationsTest" name="PutOperation" time="0.025"/>
  <testcase classname="RestAPIBDD.APIOperationsTest" name="GetOperation" time="1.483"/>
  <testcase classname="RestAPIBDD.APIOperationsTest" name="DeleteOperation">
    <skipped/>
  </testcase> <!-- DeleteOperation -->
</testsuite> <!-- RestAPIBDD.APIOperationsTest -->
