<?xml version="1.0" encoding="UTF-8"?>
<!-- Generated by org.testng.reporters.JUnitReportReporter -->
<testsuite hostname="DESKTOP-P3B6T5T" failures="0" tests="1" name="RestAPI.PostRequestWithHasMap" time="2.313" errors="0" timestamp="03 Feb 2024 15:20:08 GMT" skipped="0">
  <testcase classname="RestAPI.PostRequestWithHasMap" name="test1" time="2.313"/>
</testsuite> <!-- RestAPI.PostRequestWithHasMap -->
