<?xml version="1.0" encoding="UTF-8"?>
<!-- Generated by org.testng.reporters.JUnitReportReporter -->
<testsuite hostname="DESKTOP-P3B6T5T" failures="0" tests="1" name="github.DeleteRepo" time="2.602" errors="0" timestamp="04 Feb 2024 14:54:22 GMT" skipped="0">
  <testcase classname="github.DeleteRepo" name="test1" time="2.602"/>
</testsuite> <!-- github.DeleteRepo -->
