<?xml version="1.0" encoding="UTF-8"?>
<!-- Generated by org.testng.reporters.JUnitReportReporter -->
<testsuite hostname="DESKTOP-P3B6T5T" failures="0" tests="1" name="RestAPI.GetRequest" time="1.783" errors="0" timestamp="03 Feb 2024 16:34:29 GMT" skipped="0">
  <testcase classname="RestAPI.GetRequest" name="test1" time="1.783"/>
</testsuite> <!-- RestAPI.GetRequest -->
