<?xml version="1.0" encoding="UTF-8"?>
<!-- Generated by org.testng.reporters.JUnitReportReporter -->
<testsuite hostname="DESKTOP-P3B6T5T" failures="0" tests="1" name="github.CreateRepo" time="3.399" errors="0" timestamp="04 Feb 2024 14:51:12 GMT" skipped="0">
  <testcase classname="github.CreateRepo" name="test1" time="3.399"/>
</testsuite> <!-- github.CreateRepo -->
