<?xml version="1.0" encoding="UTF-8"?>
<!-- Generated by org.testng.reporters.JUnitReportReporter -->
<testsuite hostname="DESKTOP-P3B6T5T" failures="0" tests="1" name="RestAPI.PutRequest" time="1.537" errors="0" timestamp="03 Feb 2024 16:30:49 GMT" skipped="0">
  <testcase classname="RestAPI.PutRequest" name="test1" time="1.537"/>
</testsuite> <!-- RestAPI.PutRequest -->
