<?xml version="1.0" encoding="UTF-8"?>
<!-- Generated by org.testng.reporters.JUnitReportReporter -->
<testsuite hostname="DESKTOP-P3B6T5T" failures="0" tests="1" name="RestAPI.PostRequestWithBodyasJsonFile" time="2.296" errors="0" timestamp="03 Feb 2024 15:37:23 GMT" skipped="0">
  <testcase classname="RestAPI.PostRequestWithBodyasJsonFile" name="test1" time="2.296"/>
</testsuite> <!-- RestAPI.PostRequestWithBodyasJsonFile -->
