<?xml version="1.0" encoding="UTF-8"?>
<testsuite xmlns:xsi="http://www.w3.org/2001/XMLSchema-instance" xsi:noNamespaceSchemaLocation="https://maven.apache.org/surefire/maven-surefire-plugin/xsd/surefire-test-report-3.0.xsd" version="3.0" name="stepdefs.TestRunner" time="29.816" tests="8" errors="0" skipped="0" failures="0">
  <properties>
    <property name="java.specification.version" value="20"/>
    <property name="sun.cpu.isalist" value="amd64"/>
    <property name="sun.jnu.encoding" value="Cp1252"/>
    <property name="java.class.path" value="C:\Users\xaviermpa\eclipse-workspace\CucumberProject\target\test-classes;C:\Users\xaviermpa\eclipse-workspace\CucumberProject\target\classes;C:\Users\xaviermpa\.m2\repository\io\cucumber\cucumber-java\5.6.0\cucumber-java-5.6.0.jar;C:\Users\xaviermpa\.m2\repository\io\cucumber\cucumber-core\5.6.0\cucumber-core-5.6.0.jar;C:\Users\xaviermpa\.m2\repository\io\cucumber\cucumber-gherkin\5.6.0\cucumber-gherkin-5.6.0.jar;C:\Users\xaviermpa\.m2\repository\io\cucumber\cucumber-gherkin-vintage\5.6.0\cucumber-gherkin-vintage-5.6.0.jar;C:\Users\xaviermpa\.m2\repository\io\cucumber\tag-expressions\2.0.4\tag-expressions-2.0.4.jar;C:\Users\xaviermpa\.m2\repository\io\cucumber\cucumber-expressions\8.3.1\cucumber-expressions-8.3.1.jar;C:\Users\xaviermpa\.m2\repository\io\cucumber\datatable\3.3.1\datatable-3.3.1.jar;C:\Users\xaviermpa\.m2\repository\io\cucumber\cucumber-plugin\5.6.0\cucumber-plugin-5.6.0.jar;C:\Users\xaviermpa\.m2\repository\io\cucumber\docstring\5.6.0\docstring-5.6.0.jar;C:\Users\xaviermpa\.m2\repository\org\apiguardian\apiguardian-api\1.1.0\apiguardian-api-1.1.0.jar;C:\Users\xaviermpa\.m2\repository\io\cucumber\cucumber-junit\5.6.0\cucumber-junit-5.6.0.jar;C:\Users\xaviermpa\.m2\repository\junit\junit\4.13\junit-4.13.jar;C:\Users\xaviermpa\.m2\repository\org\hamcrest\hamcrest-core\1.3\hamcrest-core-1.3.jar;C:\Users\xaviermpa\.m2\repository\org\seleniumhq\selenium\selenium-java\3.141.59\selenium-java-3.141.59.jar;C:\Users\xaviermpa\.m2\repository\org\seleniumhq\selenium\selenium-api\3.141.59\selenium-api-3.141.59.jar;C:\Users\xaviermpa\.m2\repository\org\seleniumhq\selenium\selenium-chrome-driver\3.141.59\selenium-chrome-driver-3.141.59.jar;C:\Users\xaviermpa\.m2\repository\org\seleniumhq\selenium\selenium-edge-driver\3.141.59\selenium-edge-driver-3.141.59.jar;C:\Users\xaviermpa\.m2\repository\org\seleniumhq\selenium\selenium-firefox-driver\3.141.59\selenium-firefox-driver-3.141.59.jar;C:\Users\xaviermpa\.m2\repository\org\seleniumhq\selenium\selenium-ie-driver\3.141.59\selenium-ie-driver-3.141.59.jar;C:\Users\xaviermpa\.m2\repository\org\seleniumhq\selenium\selenium-opera-driver\3.141.59\selenium-opera-driver-3.141.59.jar;C:\Users\xaviermpa\.m2\repository\org\seleniumhq\selenium\selenium-remote-driver\3.141.59\selenium-remote-driver-3.141.59.jar;C:\Users\xaviermpa\.m2\repository\org\seleniumhq\selenium\selenium-safari-driver\3.141.59\selenium-safari-driver-3.141.59.jar;C:\Users\xaviermpa\.m2\repository\org\seleniumhq\selenium\selenium-support\3.141.59\selenium-support-3.141.59.jar;C:\Users\xaviermpa\.m2\repository\net\bytebuddy\byte-buddy\1.8.15\byte-buddy-1.8.15.jar;C:\Users\xaviermpa\.m2\repository\org\apache\commons\commons-exec\1.3\commons-exec-1.3.jar;C:\Users\xaviermpa\.m2\repository\com\google\guava\guava\25.0-jre\guava-25.0-jre.jar;C:\Users\xaviermpa\.m2\repository\com\google\code\findbugs\jsr305\1.3.9\jsr305-1.3.9.jar;C:\Users\xaviermpa\.m2\repository\org\checkerframework\checker-compat-qual\2.0.0\checker-compat-qual-2.0.0.jar;C:\Users\xaviermpa\.m2\repository\com\google\errorprone\error_prone_annotations\2.1.3\error_prone_annotations-2.1.3.jar;C:\Users\xaviermpa\.m2\repository\com\google\j2objc\j2objc-annotations\1.1\j2objc-annotations-1.1.jar;C:\Users\xaviermpa\.m2\repository\org\codehaus\mojo\animal-sniffer-annotations\1.14\animal-sniffer-annotations-1.14.jar;C:\Users\xaviermpa\.m2\repository\com\squareup\okhttp3\okhttp\3.11.0\okhttp-3.11.0.jar;C:\Users\xaviermpa\.m2\repository\com\squareup\okio\okio\1.14.0\okio-1.14.0.jar;C:\Users\xaviermpa\.m2\repository\io\github\bonigarcia\webdrivermanager\5.6.0\webdrivermanager-5.6.0.jar;C:\Users\xaviermpa\.m2\repository\org\slf4j\slf4j-api\2.0.9\slf4j-api-2.0.9.jar;C:\Users\xaviermpa\.m2\repository\com\google\code\gson\gson\2.10.1\gson-2.10.1.jar;C:\Users\xaviermpa\.m2\repository\com\github\docker-java\docker-java\3.3.3\docker-java-3.3.3.jar;C:\Users\xaviermpa\.m2\repository\com\github\docker-java\docker-java-core\3.3.3\docker-java-core-3.3.3.jar;C:\Users\xaviermpa\.m2\repository\com\github\docker-java\docker-java-api\3.3.3\docker-java-api-3.3.3.jar;C:\Users\xaviermpa\.m2\repository\com\fasterxml\jackson\core\jackson-annotations\2.10.3\jackson-annotations-2.10.3.jar;C:\Users\xaviermpa\.m2\repository\commons-io\commons-io\2.6\commons-io-2.6.jar;C:\Users\xaviermpa\.m2\repository\com\fasterxml\jackson\core\jackson-databind\2.10.3\jackson-databind-2.10.3.jar;C:\Users\xaviermpa\.m2\repository\com\fasterxml\jackson\core\jackson-core\2.10.3\jackson-core-2.10.3.jar;C:\Users\xaviermpa\.m2\repository\org\bouncycastle\bcpkix-jdk18on\1.75\bcpkix-jdk18on-1.75.jar;C:\Users\xaviermpa\.m2\repository\org\bouncycastle\bcprov-jdk18on\1.75\bcprov-jdk18on-1.75.jar;C:\Users\xaviermpa\.m2\repository\org\bouncycastle\bcutil-jdk18on\1.75\bcutil-jdk18on-1.75.jar;C:\Users\xaviermpa\.m2\repository\org\slf4j\jcl-over-slf4j\1.7.30\jcl-over-slf4j-1.7.30.jar;C:\Users\xaviermpa\.m2\repository\com\github\docker-java\docker-java-transport-httpclient5\3.3.3\docker-java-transport-httpclient5-3.3.3.jar;C:\Users\xaviermpa\.m2\repository\com\github\docker-java\docker-java-transport\3.3.3\docker-java-transport-3.3.3.jar;C:\Users\xaviermpa\.m2\repository\net\java\dev\jna\jna\5.12.1\jna-5.12.1.jar;C:\Users\xaviermpa\.m2\repository\org\brotli\dec\0.1.2\dec-0.1.2.jar;C:\Users\xaviermpa\.m2\repository\org\apache\commons\commons-lang3\3.13.0\commons-lang3-3.13.0.jar;C:\Users\xaviermpa\.m2\repository\org\apache\commons\commons-compress\1.24.0\commons-compress-1.24.0.jar;C:\Users\xaviermpa\.m2\repository\org\apache\httpcomponents\client5\httpclient5\5.2.1\httpclient5-5.2.1.jar;C:\Users\xaviermpa\.m2\repository\org\apache\httpcomponents\core5\httpcore5\5.2\httpcore5-5.2.jar;C:\Users\xaviermpa\.m2\repository\org\apache\httpcomponents\core5\httpcore5-h2\5.2\httpcore5-h2-5.2.jar;"/>
    <property name="java.vm.vendor" value="Eclipse Adoptium"/>
    <property name="sun.arch.data.model" value="64"/>
    <property name="user.variant" value=""/>
    <property name="java.vendor.url" value="https://adoptium.net/"/>
    <property name="user.timezone" value="Asia/Calcutta"/>
    <property name="os.name" value="Windows 11"/>
    <property name="java.vm.specification.version" value="20"/>
    <property name="sun.java.launcher" value="SUN_STANDARD"/>
    <property name="user.country" value="IN"/>
    <property name="sun.boot.library.path" value="C:\Users\xaviermpa\.p2\pool\plugins\org.eclipse.justj.openjdk.hotspot.jre.full.win32.x86_64_20.0.2.v20230801-2057\jre\bin"/>
    <property name="sun.java.command" value="C:\Users\xaviermpa\AppData\Local\Temp\surefire13270314204902508710\surefirebooter-20231210194123981_3.jar C:\Users\xaviermpa\AppData\Local\Temp\surefire13270314204902508710 2023-12-10T19-41-22_359-jvmRun1 surefire-20231210194123981_1tmp surefire_0-20231210194123981_2tmp"/>
    <property name="jdk.debug" value="release"/>
    <property name="surefire.test.class.path" value="C:\Users\xaviermpa\eclipse-workspace\CucumberProject\target\test-classes;C:\Users\xaviermpa\eclipse-workspace\CucumberProject\target\classes;C:\Users\xaviermpa\.m2\repository\io\cucumber\cucumber-java\5.6.0\cucumber-java-5.6.0.jar;C:\Users\xaviermpa\.m2\repository\io\cucumber\cucumber-core\5.6.0\cucumber-core-5.6.0.jar;C:\Users\xaviermpa\.m2\repository\io\cucumber\cucumber-gherkin\5.6.0\cucumber-gherkin-5.6.0.jar;C:\Users\xaviermpa\.m2\repository\io\cucumber\cucumber-gherkin-vintage\5.6.0\cucumber-gherkin-vintage-5.6.0.jar;C:\Users\xaviermpa\.m2\repository\io\cucumber\tag-expressions\2.0.4\tag-expressions-2.0.4.jar;C:\Users\xaviermpa\.m2\repository\io\cucumber\cucumber-expressions\8.3.1\cucumber-expressions-8.3.1.jar;C:\Users\xaviermpa\.m2\repository\io\cucumber\datatable\3.3.1\datatable-3.3.1.jar;C:\Users\xaviermpa\.m2\repository\io\cucumber\cucumber-plugin\5.6.0\cucumber-plugin-5.6.0.jar;C:\Users\xaviermpa\.m2\repository\io\cucumber\docstring\5.6.0\docstring-5.6.0.jar;C:\Users\xaviermpa\.m2\repository\org\apiguardian\apiguardian-api\1.1.0\apiguardian-api-1.1.0.jar;C:\Users\xaviermpa\.m2\repository\io\cucumber\cucumber-junit\5.6.0\cucumber-junit-5.6.0.jar;C:\Users\xaviermpa\.m2\repository\junit\junit\4.13\junit-4.13.jar;C:\Users\xaviermpa\.m2\repository\org\hamcrest\hamcrest-core\1.3\hamcrest-core-1.3.jar;C:\Users\xaviermpa\.m2\repository\org\seleniumhq\selenium\selenium-java\3.141.59\selenium-java-3.141.59.jar;C:\Users\xaviermpa\.m2\repository\org\seleniumhq\selenium\selenium-api\3.141.59\selenium-api-3.141.59.jar;C:\Users\xaviermpa\.m2\repository\org\seleniumhq\selenium\selenium-chrome-driver\3.141.59\selenium-chrome-driver-3.141.59.jar;C:\Users\xaviermpa\.m2\repository\org\seleniumhq\selenium\selenium-edge-driver\3.141.59\selenium-edge-driver-3.141.59.jar;C:\Users\xaviermpa\.m2\repository\org\seleniumhq\selenium\selenium-firefox-driver\3.141.59\selenium-firefox-driver-3.141.59.jar;C:\Users\xaviermpa\.m2\repository\org\seleniumhq\selenium\selenium-ie-driver\3.141.59\selenium-ie-driver-3.141.59.jar;C:\Users\xaviermpa\.m2\repository\org\seleniumhq\selenium\selenium-opera-driver\3.141.59\selenium-opera-driver-3.141.59.jar;C:\Users\xaviermpa\.m2\repository\org\seleniumhq\selenium\selenium-remote-driver\3.141.59\selenium-remote-driver-3.141.59.jar;C:\Users\xaviermpa\.m2\repository\org\seleniumhq\selenium\selenium-safari-driver\3.141.59\selenium-safari-driver-3.141.59.jar;C:\Users\xaviermpa\.m2\repository\org\seleniumhq\selenium\selenium-support\3.141.59\selenium-support-3.141.59.jar;C:\Users\xaviermpa\.m2\repository\net\bytebuddy\byte-buddy\1.8.15\byte-buddy-1.8.15.jar;C:\Users\xaviermpa\.m2\repository\org\apache\commons\commons-exec\1.3\commons-exec-1.3.jar;C:\Users\xaviermpa\.m2\repository\com\google\guava\guava\25.0-jre\guava-25.0-jre.jar;C:\Users\xaviermpa\.m2\repository\com\google\code\findbugs\jsr305\1.3.9\jsr305-1.3.9.jar;C:\Users\xaviermpa\.m2\repository\org\checkerframework\checker-compat-qual\2.0.0\checker-compat-qual-2.0.0.jar;C:\Users\xaviermpa\.m2\repository\com\google\errorprone\error_prone_annotations\2.1.3\error_prone_annotations-2.1.3.jar;C:\Users\xaviermpa\.m2\repository\com\google\j2objc\j2objc-annotations\1.1\j2objc-annotations-1.1.jar;C:\Users\xaviermpa\.m2\repository\org\codehaus\mojo\animal-sniffer-annotations\1.14\animal-sniffer-annotations-1.14.jar;C:\Users\xaviermpa\.m2\repository\com\squareup\okhttp3\okhttp\3.11.0\okhttp-3.11.0.jar;C:\Users\xaviermpa\.m2\repository\com\squareup\okio\okio\1.14.0\okio-1.14.0.jar;C:\Users\xaviermpa\.m2\repository\io\github\bonigarcia\webdrivermanager\5.6.0\webdrivermanager-5.6.0.jar;C:\Users\xaviermpa\.m2\repository\org\slf4j\slf4j-api\2.0.9\slf4j-api-2.0.9.jar;C:\Users\xaviermpa\.m2\repository\com\google\code\gson\gson\2.10.1\gson-2.10.1.jar;C:\Users\xaviermpa\.m2\repository\com\github\docker-java\docker-java\3.3.3\docker-java-3.3.3.jar;C:\Users\xaviermpa\.m2\repository\com\github\docker-java\docker-java-core\3.3.3\docker-java-core-3.3.3.jar;C:\Users\xaviermpa\.m2\repository\com\github\docker-java\docker-java-api\3.3.3\docker-java-api-3.3.3.jar;C:\Users\xaviermpa\.m2\repository\com\fasterxml\jackson\core\jackson-annotations\2.10.3\jackson-annotations-2.10.3.jar;C:\Users\xaviermpa\.m2\repository\commons-io\commons-io\2.6\commons-io-2.6.jar;C:\Users\xaviermpa\.m2\repository\com\fasterxml\jackson\core\jackson-databind\2.10.3\jackson-databind-2.10.3.jar;C:\Users\xaviermpa\.m2\repository\com\fasterxml\jackson\core\jackson-core\2.10.3\jackson-core-2.10.3.jar;C:\Users\xaviermpa\.m2\repository\org\bouncycastle\bcpkix-jdk18on\1.75\bcpkix-jdk18on-1.75.jar;C:\Users\xaviermpa\.m2\repository\org\bouncycastle\bcprov-jdk18on\1.75\bcprov-jdk18on-1.75.jar;C:\Users\xaviermpa\.m2\repository\org\bouncycastle\bcutil-jdk18on\1.75\bcutil-jdk18on-1.75.jar;C:\Users\xaviermpa\.m2\repository\org\slf4j\jcl-over-slf4j\1.7.30\jcl-over-slf4j-1.7.30.jar;C:\Users\xaviermpa\.m2\repository\com\github\docker-java\docker-java-transport-httpclient5\3.3.3\docker-java-transport-httpclient5-3.3.3.jar;C:\Users\xaviermpa\.m2\repository\com\github\docker-java\docker-java-transport\3.3.3\docker-java-transport-3.3.3.jar;C:\Users\xaviermpa\.m2\repository\net\java\dev\jna\jna\5.12.1\jna-5.12.1.jar;C:\Users\xaviermpa\.m2\repository\org\brotli\dec\0.1.2\dec-0.1.2.jar;C:\Users\xaviermpa\.m2\repository\org\apache\commons\commons-lang3\3.13.0\commons-lang3-3.13.0.jar;C:\Users\xaviermpa\.m2\repository\org\apache\commons\commons-compress\1.24.0\commons-compress-1.24.0.jar;C:\Users\xaviermpa\.m2\repository\org\apache\httpcomponents\client5\httpclient5\5.2.1\httpclient5-5.2.1.jar;C:\Users\xaviermpa\.m2\repository\org\apache\httpcomponents\core5\httpcore5\5.2\httpcore5-5.2.jar;C:\Users\xaviermpa\.m2\repository\org\apache\httpcomponents\core5\httpcore5-h2\5.2\httpcore5-h2-5.2.jar;"/>
    <property name="sun.cpu.endian" value="little"/>
    <property name="user.home" value="C:\Users\xaviermpa"/>
    <property name="user.language" value="en"/>
    <property name="java.specification.vendor" value="Oracle Corporation"/>
    <property name="java.version.date" value="2023-07-18"/>
    <property name="java.home" value="C:\Users\xaviermpa\.p2\pool\plugins\org.eclipse.justj.openjdk.hotspot.jre.full.win32.x86_64_20.0.2.v20230801-2057\jre"/>
    <property name="file.separator" value="\"/>
    <property name="basedir" value="C:\Users\xaviermpa\eclipse-workspace\CucumberProject"/>
    <property name="java.vm.compressedOopsMode" value="32-bit"/>
    <property name="line.separator" value="&#10;"/>
    <property name="java.vm.specification.vendor" value="Oracle Corporation"/>
    <property name="java.specification.name" value="Java Platform API Specification"/>
    <property name="surefire.real.class.path" value="C:\Users\xaviermpa\AppData\Local\Temp\surefire13270314204902508710\surefirebooter-20231210194123981_3.jar"/>
    <property name="user.script" value=""/>
    <property name="sun.management.compiler" value="HotSpot 64-Bit Tiered Compilers"/>
    <property name="java.runtime.version" value="20.0.2+9"/>
    <property name="user.name" value="xaviermpa"/>
    <property name="stdout.encoding" value="Cp1252"/>
    <property name="path.separator" value=";"/>
    <property name="os.version" value="10.0"/>
    <property name="java.runtime.name" value="OpenJDK Runtime Environment"/>
    <property name="file.encoding" value="UTF-8"/>
    <property name="java.vm.name" value="OpenJDK 64-Bit Server VM"/>
    <property name="java.vendor.version" value="Temurin-20.0.2+9"/>
    <property name="localRepository" value="C:\Users\xaviermpa\.m2\repository"/>
    <property name="java.vendor.url.bug" value="https://github.com/adoptium/adoptium-support/issues"/>
    <property name="java.io.tmpdir" value="C:\Users\XAVIER~1\AppData\Local\Temp\"/>
    <property name="java.version" value="20.0.2"/>
    <property name="user.dir" value="C:\Users\xaviermpa\eclipse-workspace\CucumberProject"/>
    <property name="os.arch" value="amd64"/>
    <property name="java.vm.specification.name" value="Java Virtual Machine Specification"/>
    <property name="sun.os.patch.level" value=""/>
    <property name="native.encoding" value="Cp1252"/>
    <property name="java.library.path" value="C:\Users\xaviermpa\.p2\pool\plugins\org.eclipse.justj.openjdk.hotspot.jre.full.win32.x86_64_20.0.2.v20230801-2057\jre\bin;C:\Windows\Sun\Java\bin;C:\Windows\system32;C:\Windows;C:/Users/xaviermpa/.p2/pool/plugins/org.eclipse.justj.openjdk.hotspot.jre.full.win32.x86_64_20.0.2.v20230801-2057/jre/bin/server;C:/Users/xaviermpa/.p2/pool/plugins/org.eclipse.justj.openjdk.hotspot.jre.full.win32.x86_64_20.0.2.v20230801-2057/jre/bin;C:\Program Files\Eclipse Adoptium\jdk-21.0.0.35-hotspot\bin;C:\Program Files\Common Files\Oracle\Java\javapath;C:\Program Files\MySQL\MySQL Server 8.0\bin;C:\Program Files\Java\jre-1.8\bin;C:\Program Files\nodejs;C:\Program Files\nodejs\node_modules\npm\bin;C:\Program Files\Git\cmd;C:\Program Files\Java\jre-1.8\bin\java.exe;C:\Program Files\dotnet\;C:\Windows\System32\cmd.exe;C:\Users\xaviermpa\softwaresanddrivers\apache-maven-3.9.5-bin\apache-maven-3.9.5\bin;C:\Program Files\PowerShell\7\;C:\Program Files\MySQL\MySQL Shell 8.0\bin\;C:\Users\xaviermpa\AppData\Local\Microsoft\WindowsApps;C:\Program Files\HP\Common\HPDestPlgIn\;C:\Program Files (x86)\HP\Common\HPDestPlgIn\;C:\Users\xaviermpa\AppData\Local\Programs\Microsoft VS Code\bin;C:\Users\xaviermpa\.dotnet\tools;C:\Users\xaviermpa\AppData\Local\GitHubDesktop\bin;C:\Users\xaviermpa\AppData\Roaming\npm;C:\Users\xaviermpa\eclipse\java-2023-06\eclipse;;."/>
    <property name="java.vm.info" value="mixed mode"/>
    <property name="stderr.encoding" value="Cp1252"/>
    <property name="java.vendor" value="Eclipse Adoptium"/>
    <property name="java.vm.version" value="20.0.2+9"/>
    <property name="sun.io.unicode.encoding" value="UnicodeLittle"/>
    <property name="java.class.version" value="64.0"/>
  </properties>
  <testcase name="To add two numbers" classname="This feature will help to develop a calculator" time="4.941">
    <system-out><![CDATA[
@Calc
Scenario: To add two numbers        # src/test/java/features/NewCalculator.feature:8
  Given I have the calculator       # stepdefs.CalculatorStepdefs.i_have_the_calculator()
  When I add 5 and 4                # stepdefs.CalculatorStepdefs.i_add_and(int,int)
  Then I should get the result as 9 # stepdefs.CalculatorStepdefs.i_should_get_the_result_as(int)
]]></system-out>
    <system-err><![CDATA[Dec 10, 2023 7:41:24 PM io.cucumber.junit.Cucumber <init>
WARNING: By default Cucumber is running in --non-strict mode.
This default will change to --strict and --non-strict will be removed.
You can use --strict or @CucumberOptions(strict = true) to suppress this warning
SLF4J: No SLF4J providers were found.
SLF4J: Defaulting to no-operation (NOP) logger implementation
SLF4J: See https://www.slf4j.org/codes.html#noProviders for further details.
Starting ChromeDriver 119.0.6045.105 (38c72552c5e15ba9b3117c0967a0fd105072d7c6-refs/branch-heads/6045@{#1103}) on port 16310
Only local connections are allowed.
Please see https://chromedriver.chromium.org/security-considerations for suggestions on keeping ChromeDriver safe.
ChromeDriver was started successfully.
Dec 10, 2023 7:41:27 PM org.openqa.selenium.remote.ProtocolHandshake createSession
INFO: Detected dialect: W3C
]]></system-err>
  </testcase>
  <testcase name="To sub two numbers" classname="This feature will help to develop a calculator" time="3.991">
    <system-out><![CDATA[
@Calc @Regression @Sanity
Scenario: To sub two numbers        # src/test/java/features/NewCalculator.feature:13
  Given I have the calculator       # stepdefs.CalculatorStepdefs.i_have_the_calculator()
  When I sub 12 and 4               # stepdefs.CalculatorStepdefs.i_sub_and(int,int)
  Then I should get the result as 8 # stepdefs.CalculatorStepdefs.i_should_get_the_result_as(int)
]]></system-out>
    <system-err><![CDATA[Starting ChromeDriver 119.0.6045.105 (38c72552c5e15ba9b3117c0967a0fd105072d7c6-refs/branch-heads/6045@{#1103}) on port 21414
Only local connections are allowed.
Please see https://chromedriver.chromium.org/security-considerations for suggestions on keeping ChromeDriver safe.
ChromeDriver was started successfully.
Dec 10, 2023 7:41:31 PM org.openqa.selenium.remote.ProtocolHandshake createSession
INFO: Detected dialect: W3C
]]></system-err>
  </testcase>
  <testcase name="To add two number with multiple data set" classname="This feature will help to develop a calculator" time="3.074">
    <system-out><![CDATA[
@Calc
Scenario Outline: To add two number with multiple data set # src/test/java/features/NewCalculator.feature:23
  Given I have the calculator                              # stepdefs.CalculatorStepdefs.i_have_the_calculator()
  When I add 7 and 9                                       # stepdefs.CalculatorStepdefs.i_add_and(int,int)
  Then I should get the result as 16                       # stepdefs.CalculatorStepdefs.i_should_get_the_result_as(int)
]]></system-out>
    <system-err><![CDATA[Starting ChromeDriver 119.0.6045.105 (38c72552c5e15ba9b3117c0967a0fd105072d7c6-refs/branch-heads/6045@{#1103}) on port 13182
Only local connections are allowed.
Please see https://chromedriver.chromium.org/security-considerations for suggestions on keeping ChromeDriver safe.
ChromeDriver was started successfully.
Dec 10, 2023 7:41:35 PM org.openqa.selenium.remote.ProtocolHandshake createSession
INFO: Detected dialect: W3C
]]></system-err>
  </testcase>
  <testcase name="To add two number with multiple data set" classname="This feature will help to develop a calculator" time="2.911">
    <system-out><![CDATA[
@Calc
Scenario Outline: To add two number with multiple data set # src/test/java/features/NewCalculator.feature:24
  Given I have the calculator                              # stepdefs.CalculatorStepdefs.i_have_the_calculator()
  When I add 12 and 13                                     # stepdefs.CalculatorStepdefs.i_add_and(int,int)
  Then I should get the result as 25                       # stepdefs.CalculatorStepdefs.i_should_get_the_result_as(int)
]]></system-out>
    <system-err><![CDATA[Starting ChromeDriver 119.0.6045.105 (38c72552c5e15ba9b3117c0967a0fd105072d7c6-refs/branch-heads/6045@{#1103}) on port 6899
Only local connections are allowed.
Please see https://chromedriver.chromium.org/security-considerations for suggestions on keeping ChromeDriver safe.
ChromeDriver was started successfully.
Dec 10, 2023 7:41:38 PM org.openqa.selenium.remote.ProtocolHandshake createSession
INFO: Detected dialect: W3C
]]></system-err>
  </testcase>
  <testcase name="To add two number with multiple data set" classname="This feature will help to develop a calculator" time="4.069">
    <system-out><![CDATA[
@Calc
Scenario Outline: To add two number with multiple data set # src/test/java/features/NewCalculator.feature:25
  Given I have the calculator                              # stepdefs.CalculatorStepdefs.i_have_the_calculator()
  When I add -8 and 18                                     # stepdefs.CalculatorStepdefs.i_add_and(int,int)
  Then I should get the result as 10                       # stepdefs.CalculatorStepdefs.i_should_get_the_result_as(int)
]]></system-out>
    <system-err><![CDATA[Starting ChromeDriver 119.0.6045.105 (38c72552c5e15ba9b3117c0967a0fd105072d7c6-refs/branch-heads/6045@{#1103}) on port 36451
Only local connections are allowed.
Please see https://chromedriver.chromium.org/security-considerations for suggestions on keeping ChromeDriver safe.
ChromeDriver was started successfully.
Dec 10, 2023 7:41:41 PM org.openqa.selenium.remote.ProtocolHandshake createSession
INFO: Detected dialect: W3C
[1702217503.935][SEVERE]: Unable to receive message from renderer
]]></system-err>
  </testcase>
  <testcase name="To add multiple numbers" classname="This feature will help to develop a calculator" time="3.432">
    <system-out><![CDATA[
@Calc
Scenario: To add multiple numbers    # src/test/java/features/NewCalculator.feature:28
  Given I have the calculator        # stepdefs.CalculatorStepdefs.i_have_the_calculator()
  When I add below numbers           # stepdefs.CalculatorStepdefs.i_add_below_numbers(java.util.List<java.lang.Integer>)
  Then I should get the result as 49 # stepdefs.CalculatorStepdefs.i_should_get_the_result_as(int)
]]></system-out>
    <system-err><![CDATA[Starting ChromeDriver 119.0.6045.105 (38c72552c5e15ba9b3117c0967a0fd105072d7c6-refs/branch-heads/6045@{#1103}) on port 19451
Only local connections are allowed.
Please see https://chromedriver.chromium.org/security-considerations for suggestions on keeping ChromeDriver safe.
ChromeDriver was started successfully.
Dec 10, 2023 7:41:45 PM org.openqa.selenium.remote.ProtocolHandshake createSession
INFO: Detected dialect: W3C
]]></system-err>
  </testcase>
  <testcase name="To calculate the total bill of all the items" classname="This feature will help to develop a calculator" time="3.432">
    <system-out><![CDATA[
@Calc
Scenario: To calculate the total bill of all the items # src/test/java/features/NewCalculator.feature:37
  Given I have the calculator                          # stepdefs.CalculatorStepdefs.i_have_the_calculator()
  When I buy below items with given price              # stepdefs.CalculatorStepdefs.i_buy_below_items_with_given_price(java.util.Map<java.lang.String, java.lang.Integer>)
  Then I should get the result as 170                  # stepdefs.CalculatorStepdefs.i_should_get_the_result_as(int)
]]></system-out>
    <system-err><![CDATA[Starting ChromeDriver 119.0.6045.105 (38c72552c5e15ba9b3117c0967a0fd105072d7c6-refs/branch-heads/6045@{#1103}) on port 16881
Only local connections are allowed.
Please see https://chromedriver.chromium.org/security-considerations for suggestions on keeping ChromeDriver safe.
ChromeDriver was started successfully.
Dec 10, 2023 7:41:48 PM org.openqa.selenium.remote.ProtocolHandshake createSession
INFO: Detected dialect: W3C
]]></system-err>
  </testcase>
  <testcase name="To calculate the total bill of all the items with different quantity" classname="This feature will help to develop a calculator" time="3.54">
    <system-out><![CDATA[
@Calc
Scenario: To calculate the total bill of all the items with different quantity # src/test/java/features/NewCalculator.feature:44
  Given I have the calculator                                                  # stepdefs.CalculatorStepdefs.i_have_the_calculator()
  When I buy below items with given price and quantity                         # stepdefs.CalculatorStepdefs.i_buy_below_items_with_given_price_and_quantity(io.cucumber.datatable.DataTable)
  Then I should get the result as 380                                          # stepdefs.CalculatorStepdefs.i_should_get_the_result_as(int)
]]></system-out>
    <system-err><![CDATA[Starting ChromeDriver 119.0.6045.105 (38c72552c5e15ba9b3117c0967a0fd105072d7c6-refs/branch-heads/6045@{#1103}) on port 65012
Only local connections are allowed.
Please see https://chromedriver.chromium.org/security-considerations for suggestions on keeping ChromeDriver safe.
ChromeDriver was started successfully.
Dec 10, 2023 7:41:52 PM org.openqa.selenium.remote.ProtocolHandshake createSession
INFO: Detected dialect: W3C
]]></system-err>
  </testcase>
</testsuite>