<?xml version="1.0" encoding="UTF-8"?>
<!-- Generated by org.testng.reporters.JUnitReportReporter -->
<testsuite hostname="DESKTOP-P3B6T5T" failures="0" tests="1" name="testng.LoanTest" time="0.001" errors="0" timestamp="24 Nov 2023 14:16:01 GMT" skipped="0">
  <testcase classname="testng.LoanTest" name="TC00_PersonalLoanTest" time="0.001"/>
</testsuite> <!-- testng.LoanTest -->
