<?xml version="1.0" encoding="UTF-8"?>
<!-- Generated by org.testng.reporters.JUnitReportReporter -->
<testsuite hostname="DESKTOP-P3B6T5T" failures="0" tests="1" name="testng.CardTest" time="0.023" errors="0" timestamp="24 Nov 2023 14:16:01 GMT" skipped="0">
  <testcase classname="testng.CardTest" name="TC01_CreditCardTest" time="0.023"/>
</testsuite> <!-- testng.CardTest -->
