<?xml version="1.0" encoding="UTF-8"?>
<!-- Generated by org.testng.reporters.JUnitReportReporter -->
<testsuite hostname="DESKTOP-P3B6T5T" failures="0" tests="2" name="CRUDOperations.AutomateAPITesting" time="2.136" errors="0" timestamp="11 Feb 2024 17:34:04 GMT" skipped="0">
  <testcase classname="CRUDOperations.AutomateAPITesting" name="Get_ListOfUsers" time="1.658"/>
  <testcase classname="CRUDOperations.AutomateAPITesting" name="Post_CreateUser" time="0.478"/>
</testsuite> <!-- CRUDOperations.AutomateAPITesting -->
