<?xml version="1.0" encoding="UTF-8"?>
<!-- Generated by org.testng.reporters.JUnitReportReporter -->
<testsuite hostname="DESKTOP-P3B6T5T" failures="0" tests="6" name="RestAPIBDD.APIOperationsTest" time="3.311" errors="0" timestamp="04 Feb 2024 17:31:56 GMT" skipped="0">
  <testcase classname="RestAPIBDD.APIOperationsTest" name="GetOperationwithQueryParam" time="0.938"/>
  <testcase classname="RestAPIBDD.APIOperationsTest" name="GetOperation" time="0.040"/>
  <testcase classname="RestAPIBDD.APIOperationsTest" name="GetOperationwithParam" time="0.620"/>
  <testcase classname="RestAPIBDD.APIOperationsTest" name="DeleteOperation" time="1.455"/>
  <testcase classname="RestAPIBDD.APIOperationsTest" name="PostOperation" time="0.231"/>
  <testcase classname="RestAPIBDD.APIOperationsTest" name="PutOperation" time="0.027"/>
</testsuite> <!-- RestAPIBDD.APIOperationsTest -->
