<?xml version="1.0" encoding="UTF-8"?>
<!-- Generated by org.testng.reporters.JUnitReportReporter -->
<testsuite hostname="DESKTOP-P3B6T5T" failures="0" tests="1" name="TestCases.AddProductToCart" time="4.190" errors="0" timestamp="05 Jan 2024 06:37:37 GMT" skipped="0">
  <testcase classname="TestCases.AddProductToCart" name="AddGivenProducttoCartbyname" time="4.190"/>
</testsuite> <!-- TestCases.AddProductToCart -->
